2025-07-01 18:18:05,062 WARNING (trapped) error reading bcrypt version
Traceback (most recent call last):
  File "/usr/local/lib/python3.13/site-packages/passlib/handlers/bcrypt.py", line 620, in _load_backend_mixin
    version = _bcrypt.__about__.__version__
              ^^^^^^^^^^^^^^^^^
AttributeError: module 'bcrypt' has no attribute '__about__'
2025-07-01 18:39:11,353 WARNING (trapped) error reading bcrypt version
Traceback (most recent call last):
  File "/usr/local/lib/python3.13/site-packages/passlib/handlers/bcrypt.py", line 620, in _load_backend_mixin
    version = _bcrypt.__about__.__version__
              ^^^^^^^^^^^^^^^^^
AttributeError: module 'bcrypt' has no attribute '__about__'
2025-07-01 19:03:58,357 INFO Starting initial run for server Test with 2048MB RAM
2025-07-01 19:04:28,410 INFO Initial run timed out and was killed for Test
2025-07-01 19:04:28,413 WARNING EULA file not found after initial run for Test
2025-07-01 19:10:54,839 WARNING (trapped) error reading bcrypt version
Traceback (most recent call last):
  File "/usr/local/lib/python3.13/site-packages/passlib/handlers/bcrypt.py", line 620, in _load_backend_mixin
    version = _bcrypt.__about__.__version__
              ^^^^^^^^^^^^^^^^^
AttributeError: module 'bcrypt' has no attribute '__about__'
2025-07-01 19:11:48,180 INFO Starting initial run for server Test_Server with 2048MB RAM
2025-07-01 19:12:18,238 INFO Initial run timed out and was killed for Test_Server
2025-07-01 19:12:18,241 WARNING EULA file not found after initial run for Test_Server
2025-07-01 19:19:05,159 INFO Starting initial run for server Test with 2048MB RAM
2025-07-01 19:19:25,181 INFO Initial run force-killed for Test
2025-07-01 19:19:25,183 WARNING EULA file not found after initial run for Test
2025-07-01 19:19:25,187 INFO Created default EULA file for Test
2025-07-01 19:29:57,050 INFO Starting initial run for server fish with 2048MB RAM
2025-07-01 19:30:17,086 INFO Initial run force-killed for fish
2025-07-01 19:30:17,091 WARNING EULA file not found after initial run for fish
2025-07-01 19:30:17,107 INFO Created default EULA file for fish
2025-07-02 17:18:57,264 WARNING (trapped) error reading bcrypt version
Traceback (most recent call last):
  File "/usr/local/lib/python3.13/site-packages/passlib/handlers/bcrypt.py", line 620, in _load_backend_mixin
    version = _bcrypt.__about__.__version__
              ^^^^^^^^^^^^^^^^^
AttributeError: module 'bcrypt' has no attribute '__about__'
